{
  "RSpec": {
    "coverage": {
      "/Users/tammam/codecore/aug_2015/fundsy/spec/support/login_helpers.rb": [
        1,
        null,
        1,
        23,
        null,
        null,
        null
      ],
      "/Users/tammam/codecore/aug_2015/fundsy/app/controllers/campaigns_controller.rb": [
        1,
        1,
        1,
        null,
        1,
        null,
        1,
        8,
        null,
        null,
        1,
        2,
        6,
        null,
        null,
        1,
        6,
        6,
        6,
        0,
        null,
        null,
        null,
        null,
        null,
        6,
        18,
        6,
        null,
        null,
        null,
        1,
        null,
        null,
        1,
        4,
        2,
        null,
        null,
        null,
        1,
        5,
        4,
        2,
        null,
        2,
        null,
        null,
        1,
        null,
        null,
        null,
        1,
        3,
        2,
        2,
        null,
        1,
        null,
        null,
        null,
        1,
        null,
        1,
        10,
        null,
        null,
        null,
        null,
        1,
        14,
        null,
        null,
        null
      ],
      "/Users/tammam/codecore/aug_2015/fundsy/app/controllers/application_controller.rb": [
        1,
        null,
        null,
        1,
        null,
        1,
        25,
        null,
        null,
        1,
        55,
        null,
        1,
        null,
        1,
        35,
        null,
        1,
        null,
        null,
        null
      ],
      "/Users/tammam/codecore/aug_2015/fundsy/spec/controllers/password_resets_controller_spec.rb": [
        1,
        null,
        1,
        null,
        null
      ],
      "/Users/tammam/codecore/aug_2015/fundsy/app/controllers/password_resets_controller.rb": [
        1,
        1,
        null,
        null,
        1,
        0,
        0,
        0,
        0,
        null,
        null,
        null,
        1,
        0,
        0,
        0,
        0,
        0,
        null,
        0,
        null,
        null,
        null,
        1,
        0,
        0,
        0,
        0,
        0,
        0,
        0,
        null,
        0,
        null,
        null,
        0,
        null,
        null,
        null,
        1,
        null,
        1,
        0,
        null,
        null
      ],
      "/Users/tammam/codecore/aug_2015/fundsy/spec/controllers/sessions_controller_spec.rb": [
        1,
        null,
        1,
        null,
        null,
        null,
        null,
        10,
        null,
        null,
        1,
        1,
        1,
        1,
        null,
        null,
        null,
        null,
        1,
        null,
        1,
        null,
        1,
        null,
        3,
        null,
        null,
        1,
        null,
        1,
        null,
        null,
        1,
        null,
        1,
        null,
        null,
        1,
        null,
        1,
        null,
        null,
        null,
        1,
        1,
        3,
        null,
        null,
        1,
        1,
        null,
        null,
        1,
        1,
        null,
        null,
        1,
        1,
        null,
        null,
        null,
        null,
        null,
        1,
        1,
        null,
        3,
        null,
        3,
        null,
        null,
        1,
        null,
        1,
        null,
        null,
        1,
        1,
        null,
        null,
        1,
        1,
        null,
        null,
        null
      ],
      "/Users/tammam/codecore/aug_2015/fundsy/app/controllers/sessions_controller.rb": [
        1,
        null,
        1,
        null,
        null,
        1,
        8,
        8,
        4,
        4,
        null,
        4,
        4,
        null,
        null,
        null,
        1,
        3,
        3,
        null,
        null
      ],
      "/Users/tammam/codecore/aug_2015/fundsy/spec/controllers/users_controller_spec.rb": [
        1,
        null,
        1,
        1,
        1,
        null,
        null,
        null,
        null,
        null,
        1,
        null,
        null,
        null,
        null,
        null,
        1,
        null,
        null,
        1,
        1,
        null,
        null,
        1,
        null,
        null,
        null,
        1,
        1,
        1,
        null,
        null,
        null,
        null,
        null,
        null,
        4,
        null,
        null,
        1,
        4,
        null,
        null,
        1,
        null,
        null,
        null,
        null,
        4,
        null,
        null,
        1,
        1,
        null,
        1,
        null,
        null,
        1,
        1,
        1,
        null,
        null,
        1,
        1,
        1,
        null,
        null,
        null,
        1,
        1,
        null,
        null,
        null,
        null,
        null,
        null,
        3,
        null,
        null,
        1,
        3,
        null,
        null,
        1,
        4,
        null,
        null,
        1,
        1,
        1,
        null,
        null,
        1,
        1,
        1,
        null,
        null,
        null,
        null,
        null
      ],
      "/Users/tammam/codecore/aug_2015/fundsy/app/controllers/users_controller.rb": [
        1,
        1,
        3,
        null,
        null,
        1,
        8,
        8,
        5,
        5,
        null,
        3,
        3,
        null,
        null,
        null,
        1,
        null,
        1,
        8,
        null,
        null,
        null
      ],
      "/Users/tammam/codecore/aug_2015/fundsy/spec/features/campaigns_spec.rb": [
        1,
        null,
        1,
        1,
        1,
        1,
        1,
        null,
        null,
        1,
        1,
        1,
        null,
        null,
        1,
        1,
        null,
        1,
        null,
        null,
        1,
        1,
        1,
        1,
        null,
        null,
        null
      ],
      "/Users/tammam/codecore/aug_2015/fundsy/spec/features/sessions_spec.rb": [
        1,
        null,
        1,
        1,
        3,
        null,
        1,
        1,
        null,
        null,
        1,
        null,
        1,
        1,
        null,
        1,
        null,
        1,
        1,
        1,
        null,
        null,
        null,
        1,
        1,
        null,
        1,
        null,
        null,
        1,
        1,
        null,
        1,
        null,
        1,
        1,
        1,
        null,
        null,
        null,
        null
      ],
      "/Users/tammam/codecore/aug_2015/fundsy/spec/features/users_spec.rb": [
        1,
        null,
        1,
        1,
        null,
        1,
        1,
        null,
        1,
        null,
        1,
        null,
        1,
        null,
        null,
        null,
        1,
        1,
        1,
        1,
        1,
        null,
        1,
        null,
        1,
        null,
        1,
        1,
        null,
        null,
        null,
        null,
        null
      ],
      "/Users/tammam/codecore/aug_2015/fundsy/spec/helpers/password_resets_helper_spec.rb": [
        1,
        null,
        null,
        null,
        null,
        null,
        null,
        null,
        null,
        null,
        null,
        null,
        1,
        1,
        null
      ],
      "/Users/tammam/codecore/aug_2015/fundsy/spec/mailers/user_mailer_spec.rb": [
        1,
        null,
        1,
        1,
        null
      ],
      "/Users/tammam/codecore/aug_2015/fundsy/app/mailers/user_mailer.rb": [
        1,
        null,
        1,
        0,
        0,
        null,
        null
      ],
      "/Users/tammam/codecore/aug_2015/fundsy/app/mailers/application_mailer.rb": [
        1,
        1,
        1,
        null
      ],
      "/Users/tammam/codecore/aug_2015/fundsy/spec/models/campaign_spec.rb": [
        1,
        null,
        1,
        1,
        null,
        null,
        null,
        null,
        6,
        6,
        null,
        null,
        1,
        1,
        1,
        1,
        null,
        null,
        1,
        1,
        1,
        null,
        null,
        1,
        1,
        1,
        null,
        null,
        1,
        1,
        1,
        null,
        null,
        1,
        1,
        1,
        1,
        1,
        null,
        null,
        null,
        null
      ],
      "/Users/tammam/codecore/aug_2015/fundsy/app/models/campaign.rb": [
        1,
        1,
        null,
        1,
        null,
        null,
        null,
        null,
        null,
        null,
        1,
        null,
        null,
        1,
        1,
        1,
        1,
        null,
        9,
        null,
        null,
        null,
        null,
        1,
        null,
        null,
        null,
        null,
        1,
        1,
        1,
        1,
        1,
        1,
        1,
        null,
        1,
        1,
        null,
        null,
        1,
        1,
        null,
        null,
        1,
        1,
        null,
        null,
        1,
        1,
        null,
        null,
        1,
        1,
        null,
        null,
        null,
        null,
        null,
        null
      ],
      "/Users/tammam/codecore/aug_2015/fundsy/spec/models/reward_spec.rb": [
        1,
        null,
        1,
        1,
        null
      ],
      "/Users/tammam/codecore/aug_2015/fundsy/app/models/reward.rb": [
        1,
        1,
        null,
        1,
        null,
        1,
        null
      ],
      "/Users/tammam/codecore/aug_2015/fundsy/spec/models/user_spec.rb": [
        1,
        null,
        null,
        1,
        1,
        null,
        null,
        null,
        null,
        7,
        null,
        null,
        null,
        1,
        1,
        1,
        1,
        null,
        null,
        1,
        1,
        1,
        null,
        null,
        1,
        null,
        1,
        null,
        1,
        null,
        null,
        1,
        null,
        null,
        1,
        1,
        1,
        null,
        null,
        null,
        null,
        1,
        1,
        1,
        1,
        null,
        null,
        1,
        1,
        1,
        null,
        null,
        null,
        null,
        1,
        null,
        1,
        1,
        1,
        1,
        null,
        null,
        null,
        null,
        null
      ],
      "/Users/tammam/codecore/aug_2015/fundsy/app/models/user.rb": [
        1,
        null,
        1,
        null,
        1,
        null,
        1,
        null,
        1,
        1,
        null,
        1,
        4,
        null,
        null,
        1,
        0,
        null,
        null,
        1,
        0,
        0,
        0,
        null,
        null,
        1,
        null,
        0,
        0,
        0,
        0,
        null,
        null,
        null
      ]
    },
    "timestamp": 1443026988
  }
}
